000.000 =============================================================
000.000                     Station A                               
000.000 -------------------------------------------------------------
000.000 Protocol.lib, version 4.0, jiangyanjun0718@bupt.edu.cn
000.000 Channel: 8000 bps, 270 ms propagation delay, bit error rate 1.0E-05
000.000 Log file "C:\Users\SLRYZD\Desktop\Github\ComputerNetwork_Lab1\Debug\datalink-A.log", TCP port 59144, debug mask 0x03
000.000 Station A is waiting for station B on TCP port 59144 ... Done.
000.503 New epoch: Wed Apr 22 23:32:24 2020
000.503 =================================================================
000.504 
000.504 Designed by Suo Zhengduo, build: Apr 22 2020  23:30:08
000.504 Send DATA 0 31, ID 10000
000.744 Send DATA 1 31, ID 10001
001.013 Send DATA 2 31, ID 10002
001.283 Send DATA 3 31, ID 10003
001.537 Send DATA 4 31, ID 10004
001.586 Recv DATA 0 31, ID 20000
001.812 Send DATA 5 0, ID 10005
001.845 Recv DATA 1 0, ID 20001
002.069 Send DATA 6 0, ID 10006
002.102 **** Receiver Error, Bad CRC Checksum
002.340 Send DATA 7 0, ID 10007
002.357 Recv NAK 0
002.358 Send DATA 1 0, ID 10001
002.630 Recv DATA 3 0, ID 20003
002.631 Send NAK 0
002.885 Recv DATA 4 0, ID 20004
003.060 ---- DATA 2 timeout
003.061 Send DATA 32 0, ID 10000
003.156 Recv DATA 5 0, ID 20005
003.315 ---- DATA 3 timeout
003.316 Send DATA 32 0, ID 10000
003.427 Recv DATA 6 0, ID 20006
003.590 ---- DATA 4 timeout
003.591 Send DATA 32 0, ID 10000
003.690 Recv DATA 7 0, ID 20007
003.851 ---- DATA 5 timeout
003.852 Send DATA 32 0, ID 10000
003.949 Recv DATA 32 0, ID 20000
004.121 ---- DATA 6 timeout
004.123 Send DATA 32 0, ID 10000
004.203 Recv DATA 1 0, ID 20001
004.365 ---- DATA 7 timeout
004.365 Send DATA 32 0, ID 10000
004.479 Recv DATA 32 0, ID 20000
004.717 Send DATA 8 0, ID 10008
004.736 Recv DATA 32 0, ID 20000
004.911 ---- DATA 1 timeout
004.912 Send DATA 32 0, ID 10000
005.008 Recv DATA 32 0, ID 20000
005.246 Send DATA 9 0, ID 10009
005.262 Recv DATA 32 0, ID 20000
005.504 Send DATA 10 0, ID 10010
005.535 Recv DATA 32 0, ID 20000
005.773 Send DATA 11 0, ID 10011
005.790 Recv DATA 32 0, ID 20000
006.030 Send DATA 12 0, ID 10012
006.064 Recv DATA 8 0, ID 20008
006.288 Send DATA 13 0, ID 10013
006.320 Recv DATA 9 0, ID 20009
006.559 Send DATA 14 0, ID 10014
006.591 Recv DATA 32 0, ID 20000
006.750 ---- DATA 8 timeout
006.751 Send DATA 32 0, ID 10000
006.849 Recv DATA 10 0, ID 20010
007.089 Send DATA 15 0, ID 10015
007.122 Recv DATA 11 0, ID 20011
007.280 ---- DATA 9 timeout
007.282 Send DATA 32 0, ID 10000
007.395 Recv DATA 12 0, ID 20012
007.537 ---- DATA 10 timeout
007.538 Send DATA 32 0, ID 10000
007.650 Recv DATA 13 0, ID 20013
007.795 ---- DATA 11 timeout
007.797 Send DATA 32 0, ID 10000
007.926 Recv DATA 14 0, ID 20014
008.069 ---- DATA 12 timeout
008.070 Send DATA 32 0, ID 10000
008.166 Recv DATA 32 0, ID 20000
008.343 ---- DATA 13 timeout
008.344 Send DATA 32 0, ID 10000
008.440 Recv DATA 32 0, ID 20000
008.600 ---- DATA 14 timeout
008.601 Send DATA 32 0, ID 10000
008.696 Recv DATA 15 0, ID 20015
008.934 Send DATA 16 0, ID 10016
008.967 Recv DATA 32 0, ID 20000
009.126 ---- DATA 15 timeout
009.127 Send DATA 32 0, ID 10016
009.238 Recv DATA 32 0, ID 20000
009.491 Recv DATA 32 0, ID 20000
009.745 ---- ACK 128 timeout
009.745 Send ACK 0
009.762 Recv DATA 32 0, ID 20000
010.030 Recv DATA 32 0, ID 20000
010.270 ---- ACK 128 timeout
010.270 Send ACK 0
010.288 Recv DATA 16 0, ID 20016
010.716 Recv DATA 32 0, ID 20016
010.795 ---- ACK 128 timeout
010.798 Send ACK 0
011.307 ---- DATA 0 timeout
011.308 Send DATA 32 0, ID 10016
012.716 Recv DATA 32 0, ID 20016
013.222 ---- ACK 128 timeout
013.223 Send ACK 0
013.320 ---- DATA 0 timeout
013.321 Send DATA 32 0, ID 10016
014.719 Recv DATA 32 0, ID 20016
015.224 ---- ACK 128 timeout
015.225 Send ACK 0
015.636 ---- DATA 0 timeout
015.636 Send DATA 32 0, ID 10016
016.730 Recv DATA 32 0, ID 20016
017.232 ---- ACK 128 timeout
017.234 Send ACK 0
017.649 ---- DATA 0 timeout
017.649 Send DATA 32 0, ID 10016
018.736 Recv DATA 32 0, ID 20016
019.244 ---- ACK 128 timeout
019.244 Send ACK 0
019.656 ---- DATA 0 timeout
019.658 Send DATA 32 0, ID 10016
020.740 Recv DATA 32 0, ID 20016
021.250 ---- ACK 128 timeout
021.251 Send ACK 0
021.665 ---- DATA 0 timeout
021.666 Send DATA 32 0, ID 10016
022.756 Recv DATA 32 0, ID 20016
023.262 ---- ACK 128 timeout
023.263 Send ACK 0
023.671 ---- DATA 0 timeout
023.672 Send DATA 32 0, ID 10016
024.748 Recv DATA 32 0, ID 20016
025.252 ---- ACK 128 timeout
025.253 Send ACK 0
025.681 ---- DATA 0 timeout
025.682 Send DATA 32 0, ID 10016
026.772 Recv DATA 32 0, ID 20016
027.275 ---- ACK 128 timeout
027.276 Send ACK 0
027.685 ---- DATA 0 timeout
027.687 Send DATA 32 0, ID 10016
028.766 Recv DATA 32 0, ID 20016
029.274 ---- ACK 128 timeout
029.274 Send ACK 0
029.685 ---- DATA 0 timeout
029.686 Send DATA 32 0, ID 10016
030.776 Recv DATA 32 0, ID 20016
031.281 ---- ACK 128 timeout
031.283 Send ACK 0
031.696 ---- DATA 0 timeout
031.698 Send DATA 32 0, ID 10016
032.789 Recv DATA 32 0, ID 20016
033.295 ---- ACK 128 timeout
033.297 Send ACK 0
033.708 ---- DATA 0 timeout
033.709 Send DATA 32 0, ID 10016
034.814 Recv DATA 32 0, ID 20016
035.319 ---- ACK 128 timeout
035.320 Send ACK 0
035.716 ---- DATA 0 timeout
035.717 Send DATA 32 0, ID 10016
036.815 Recv DATA 32 0, ID 20016
037.317 ---- ACK 128 timeout
037.318 Send ACK 0
037.716 ---- DATA 0 timeout
037.716 Send DATA 32 0, ID 10016
038.827 Recv DATA 32 0, ID 20016
039.290 TCP disconnected.
