000.000 =============================================================
000.000                     Station B                               
000.000 -------------------------------------------------------------
000.000 Protocol.lib, version 4.0, jiangyanjun0718@bupt.edu.cn
000.000 Channel: 8000 bps, 270 ms propagation delay, bit error rate 1.0E-05
000.000 Log file "C:\Users\SLRYZD\Desktop\Github\ComputerNetwork_Lab1\Debug\datalink-B.log", TCP port 59144, debug mask 0x03
000.000 Station B is connecting station A (TCP port 59144) ... Done.
000.502 New epoch: Wed Apr 22 23:32:24 2020
000.503 =================================================================
000.503 
000.503 Designed by Suo Zhengduo, build: Apr 22 2020  23:30:08
001.042 Send DATA 0 31, ID 20000
001.059 Recv DATA 0 31, ID 10000
001.268 Send DATA 1 0, ID 20001
001.331 Recv DATA 1 31, ID 10001
001.537 Send DATA 2 0, ID 20002
001.586 Recv DATA 2 31, ID 10002
001.587 Send NAK 0
001.860 Recv DATA 3 31, ID 10003
002.069 Send DATA 3 0, ID 20003
002.117 Recv DATA 4 31, ID 10004
002.325 Send DATA 4 0, ID 20004
002.404 Recv DATA 5 0, ID 10005
002.596 Send DATA 5 0, ID 20005
002.645 Recv DATA 6 0, ID 10006
002.853 Send DATA 6 0, ID 20006
002.917 Recv DATA 7 0, ID 10007
003.124 Send DATA 7 0, ID 20007
003.173 Recv DATA 1 0, ID 10001
003.318 ---- DATA 1 timeout
003.318 Send DATA 32 0, ID 20000
003.428 Recv NAK 0
003.429 Send DATA 1 0, ID 20001
003.574 ---- DATA 2 timeout
003.575 Send DATA 32 0, ID 20000
003.688 Recv DATA 32 0, ID 10000
003.977 Recv DATA 32 0, ID 10000
004.106 ---- DATA 3 timeout
004.106 Send DATA 32 0, ID 20000
004.233 Recv DATA 32 0, ID 10000
004.378 ---- DATA 4 timeout
004.378 Send DATA 32 0, ID 20000
004.491 Recv DATA 32 0, ID 10000
004.636 ---- DATA 5 timeout
004.637 Send DATA 32 0, ID 20000
004.765 Recv DATA 32 0, ID 10000
004.906 ---- DATA 6 timeout
004.907 Send DATA 32 0, ID 20000
005.020 Recv DATA 32 0, ID 10000
005.165 ---- DATA 7 timeout
005.166 Send DATA 32 0, ID 20000
005.277 Recv DATA 8 0, ID 10008
005.499 Send DATA 8 0, ID 20008
005.548 Recv DATA 32 0, ID 10000
005.754 Send DATA 9 0, ID 20009
005.802 Recv DATA 9 0, ID 10009
005.946 ---- DATA 1 timeout
005.947 Send DATA 32 0, ID 20000
006.075 Recv DATA 10 0, ID 10010
006.296 Send DATA 10 0, ID 20010
006.329 Recv DATA 11 0, ID 10011
006.553 Send DATA 11 0, ID 20011
006.602 Recv DATA 12 0, ID 10012
006.822 Send DATA 12 0, ID 20012
006.855 Recv DATA 13 0, ID 10013
007.077 Send DATA 13 0, ID 20013
007.126 Recv DATA 14 0, ID 10014
007.350 Send DATA 14 0, ID 20014
007.382 Recv DATA 32 0, ID 10000
007.542 ---- DATA 8 timeout
007.543 Send DATA 32 0, ID 20000
007.654 Recv DATA 15 0, ID 10015
007.812 ---- DATA 9 timeout
007.814 Send DATA 32 0, ID 20000
007.910 Recv DATA 32 0, ID 10000
008.132 Send DATA 15 0, ID 20015
008.180 Recv DATA 32 0, ID 10000
008.324 ---- DATA 10 timeout
008.324 Send DATA 32 0, ID 20000
008.452 Recv DATA 32 0, ID 10000
008.597 ---- DATA 11 timeout
008.598 Send DATA 32 0, ID 20000
008.710 Recv DATA 32 0, ID 10000
008.855 ---- DATA 12 timeout
008.856 Send DATA 32 0, ID 20000
008.981 Recv DATA 32 0, ID 10000
009.126 ---- DATA 13 timeout
009.127 Send DATA 32 0, ID 20000
009.254 Recv DATA 32 0, ID 10000
009.382 ---- DATA 14 timeout
009.382 Send DATA 32 0, ID 20000
009.509 Recv DATA 16 0, ID 10016
009.716 Send DATA 16 0, ID 20016
009.765 Recv DATA 32 0, ID 10016
010.178 ---- DATA 15 timeout
010.179 Send DATA 32 0, ID 20016
010.276 Recv ACK 0
010.797 Recv ACK 0
011.336 Recv ACK 0
011.842 Recv DATA 32 0, ID 10016
012.190 ---- DATA 0 timeout
012.191 Send DATA 32 0, ID 20016
013.747 Recv ACK 0
014.014 Recv DATA 32 0, ID 10016
014.192 ---- DATA 0 timeout
014.193 Send DATA 32 0, ID 20016
015.764 Recv ACK 0
016.164 Recv DATA 32 0, ID 10016
016.197 ---- DATA 0 timeout
016.198 Send DATA 32 0, ID 20016
017.760 **** Receiver Error, Bad CRC Checksum
018.169 Recv DATA 32 0, ID 10016
018.202 ---- DATA 0 timeout
018.204 Send DATA 32 0, ID 20016
019.780 Recv ACK 0
020.193 Recv DATA 32 0, ID 10016
020.210 ---- DATA 0 timeout
020.211 Send DATA 32 0, ID 20016
021.776 Recv ACK 0
022.187 Recv DATA 32 0, ID 10016
022.219 ---- DATA 0 timeout
022.220 Send DATA 32 0, ID 20016
023.796 Recv ACK 0
024.207 Recv DATA 32 0, ID 10016
024.224 ---- DATA 0 timeout
024.224 Send DATA 32 0, ID 20016
025.790 Recv ACK 0
026.219 Recv DATA 32 0, ID 10016
026.237 ---- DATA 0 timeout
026.237 Send DATA 32 0, ID 20016
027.811 Recv ACK 0
028.221 Recv DATA 32 0, ID 10016
028.238 ---- DATA 0 timeout
028.238 Send DATA 32 0, ID 20016
029.805 Recv ACK 0
030.213 Recv DATA 32 0, ID 10016
030.246 ---- DATA 0 timeout
030.246 Send DATA 32 0, ID 20016
031.817 Recv ACK 0
032.228 Recv DATA 32 0, ID 10016
032.261 ---- DATA 0 timeout
032.262 Send DATA 32 0, ID 20016
033.823 Recv ACK 0
034.238 Recv DATA 32 0, ID 10016
034.270 ---- DATA 0 timeout
034.271 Send DATA 32 0, ID 20016
035.854 Recv ACK 0
036.250 Recv DATA 32 0, ID 10016
036.283 ---- DATA 0 timeout
036.284 Send DATA 32 0, ID 20016
037.857 Recv ACK 0
038.256 Recv DATA 32 0, ID 10016
038.289 ---- DATA 0 timeout
038.289 Send DATA 32 0, ID 20016
