000.000 =============================================================
000.000                     Station B                               
000.000 -------------------------------------------------------------
000.000 Protocol.lib, version 4.0, jiangyanjun0718@bupt.edu.cn
000.000 Channel: 8000 bps, 270 ms propagation delay, bit error rate 1.0E-005
000.000 Log file "stopwait-B.log", TCP port 59144, debug mask 0x03
000.000 Station B is connecting station A (TCP port 59144) ... Done.
000.592 New epoch: Sat Apr 04 21:30:50 2020
000.592 =================================================================
000.593 
000.593 Designed by Jiang Yanjun, build: Oct 28 2018  16:36:26
001.052 Send DATA 0 1, ID 20000
001.150 Recv DATA 0 1, ID 10000
001.150 Send ACK  0
001.880 Recv ACK  0
001.881 Send DATA 1 0, ID 20001
002.691 Recv DATA 1 0, ID 10001
002.693 Send ACK  1
003.512 Recv DATA 0 0, ID 10002
003.513 .... 3 packets received, 2333 bps, 29.16%, Err 0 (0.0e+000)
003.514 Send ACK  0
004.335 Recv DATA 1 0, ID 10003
004.337 Send ACK  1
004.386 ---- DATA 1 timeout
004.387 Send DATA 1 1, ID 20001
005.153 Recv DATA 0 0, ID 10004
005.154 Send ACK  0
005.202 Recv ACK  1
005.203 Send DATA 0 0, ID 20002
005.985 Recv DATA 1 1, ID 10005
005.986 .... 6 packets received, 2406 bps, 30.08%, Err 0 (0.0e+000)
005.988 Send ACK  1
006.021 Recv ACK  0
006.023 Send DATA 1 1, ID 20003
006.805 Recv DATA 0 0, ID 10006
006.807 Send ACK  0
006.840 Recv ACK  1
006.840 Send DATA 0 0, ID 20004
007.614 Recv DATA 1 1, ID 10007
007.617 Send ACK  1
007.649 Recv ACK  0
007.649 Send DATA 1 1, ID 20005
008.428 Recv DATA 0 0, ID 10008
008.429 .... 9 packets received, 2441 bps, 30.52%, Err 0 (0.0e+000)
008.431 Send ACK  0
008.463 Recv ACK  1
008.464 Send DATA 0 0, ID 20006
009.240 Recv DATA 1 1, ID 10009
009.241 Send ACK  1
009.274 Recv ACK  0
009.275 Send DATA 1 1, ID 20007
010.050 Recv DATA 0 0, ID 10010
010.052 Send ACK  0
010.085 Recv ACK  1
010.085 Send DATA 0 0, ID 20008
010.859 Recv DATA 1 1, ID 10011
010.861 .... 12 packets received, 2462 bps, 30.78%, Err 0 (0.0e+000)
010.863 Send ACK  1
010.895 Recv ACK  0
010.896 Send DATA 1 1, ID 20009
011.675 Recv DATA 0 0, ID 10012
011.677 Send ACK  0
011.710 Recv ACK  1
011.712 Send DATA 0 0, ID 20010
012.485 Recv DATA 1 1, ID 10013
012.486 Send ACK  1
012.519 Recv ACK  0
012.519 Send DATA 1 1, ID 20011
013.301 Recv DATA 0 0, ID 10014
013.302 .... 15 packets received, 2473 bps, 30.91%, Err 0 (0.0e+000)
013.304 Send ACK  0
013.321 Recv ACK  1
013.321 Send DATA 0 0, ID 20012
014.110 Recv DATA 1 1, ID 10015
014.112 Send ACK  1
014.144 Recv ACK  0
014.145 Send DATA 1 1, ID 20013
014.920 Recv DATA 0 0, ID 10016
014.922 Send ACK  0
014.954 Recv ACK  1
014.955 Send DATA 0 0, ID 20014
015.736 Recv DATA 1 1, ID 10017
015.737 .... 18 packets received, 2481 bps, 31.01%, Err 0 (0.0e+000)
015.740 Send ACK  1
015.773 Recv ACK  0
015.774 Send DATA 1 1, ID 20015
016.553 Recv DATA 0 0, ID 10018
016.555 Send ACK  0
016.605 Recv ACK  1
016.606 Send DATA 0 0, ID 20016
017.365 Recv DATA 1 1, ID 10019
017.367 Send ACK  1
017.432 Recv ACK  0
017.433 Send DATA 1 1, ID 20017
018.175 Recv DATA 0 0, ID 10020
018.176 .... 21 packets received, 2486 bps, 31.08%, Err 0 (0.0e+000)
018.178 Send ACK  0
018.242 Recv ACK  1
018.242 Send DATA 0 0, ID 20018
018.985 Recv DATA 1 1, ID 10021
018.986 Send ACK  1
019.051 Recv ACK  0
019.051 Send DATA 1 1, ID 20019
019.799 Recv DATA 0 0, ID 10022
019.800 Send ACK  0
019.864 Recv ACK  1
019.865 Send DATA 0 0, ID 20020
020.595 Recv DATA 1 1, ID 10023
020.596 .... 24 packets received, 2493 bps, 31.16%, Err 0 (0.0e+000)
020.598 Send ACK  1
020.677 Recv ACK  0
020.678 Send DATA 1 1, ID 20021
021.407 Recv DATA 0 0, ID 10024
021.408 Send ACK  0
021.489 Recv ACK  1
021.490 Send DATA 0 0, ID 20022
022.219 Recv DATA 1 1, ID 10025
022.221 Send ACK  1
022.301 Recv ACK  0
022.301 Send DATA 1 1, ID 20023
023.030 Recv DATA 0 0, ID 10026
023.032 .... 27 packets received, 2496 bps, 31.20%, Err 0 (0.0e+000)
023.033 Send ACK  0
023.114 Recv ACK  1
023.116 Send DATA 0 0, ID 20024
023.843 Recv DATA 1 1, ID 10027
023.845 Send ACK  1
023.926 Recv ACK  0
023.927 Send DATA 1 1, ID 20025
024.642 Recv DATA 0 0, ID 10028
024.644 Send ACK  0
024.755 Recv ACK  1
024.756 Send DATA 0 0, ID 20026
025.439 Recv DATA 1 1, ID 10029
025.440 .... 30 packets received, 2502 bps, 31.27%, Err 0 (0.0e+000)
025.442 Send ACK  1
025.584 Recv ACK  0
025.585 Send DATA 1 1, ID 20027
026.250 Recv DATA 0 0, ID 10030
026.252 Send ACK  0
026.395 Recv ACK  1
026.396 Send DATA 0 0, ID 20028
027.064 Recv DATA 1 1, ID 10031
027.065 Send ACK  1
027.226 Recv ACK  0
027.228 Send DATA 1 1, ID 20029
027.877 Recv DATA 0 0, ID 10032
027.878 .... 33 packets received, 2503 bps, 31.29%, Err 0 (0.0e+000)
027.880 Send ACK  0
028.037 Recv ACK  1
028.038 Send DATA 0 0, ID 20030
028.687 Recv DATA 1 1, ID 10033
028.688 Send ACK  1
028.847 Recv ACK  0
028.848 Send DATA 1 1, ID 20031
029.497 Recv DATA 0 0, ID 10034
029.498 Send ACK  0
029.671 Recv ACK  1
029.672 Send DATA 0 0, ID 20032
030.318 Recv DATA 1 1, ID 10035
030.320 .... 36 packets received, 2504 bps, 31.30%, Err 0 (0.0e+000)
030.322 Send ACK  1
030.499 Recv ACK  0
030.500 Send DATA 1 1, ID 20033
031.135 Recv DATA 0 0, ID 10036
031.136 Send ACK  0
031.311 Recv ACK  1
031.312 Send DATA 0 0, ID 20034
031.957 **** Receiver Error, Bad CRC Checksum
032.116 Recv ACK  0
032.117 Send DATA 1 0, ID 20035
032.926 Recv ACK  1
032.927 Send DATA 0 0, ID 20036
033.755 Recv ACK  0
033.757 Send DATA 1 0, ID 20037
034.454 Recv DATA 1 0, ID 10037
034.455 .... 38 packets received, 2318 bps, 28.97%, Err 1 (1.2e-005)
034.457 Send ACK  1
034.586 Recv ACK  1
034.587 Send DATA 0 1, ID 20038
035.282 Recv DATA 0 1, ID 10038
035.283 Send ACK  0
035.396 Recv ACK  0
035.397 Send DATA 1 0, ID 20039
036.079 Recv DATA 1 0, ID 10039
036.080 Send ACK  1
036.223 Recv ACK  1
036.224 Send DATA 0 1, ID 20040
036.888 Recv DATA 0 1, ID 10040
036.890 .... 41 packets received, 2332 bps, 29.15%, Err 1 (1.1e-005)
036.891 Send ACK  0
037.051 Recv ACK  0
037.052 Send DATA 1 0, ID 20041
037.704 Recv DATA 1 0, ID 10041
037.706 Send ACK  1
037.880 Recv ACK  1
037.881 Send DATA 0 1, ID 20042
038.518 Recv DATA 0 1, ID 10042
038.519 Send ACK  0
038.712 Recv ACK  0
038.713 Send DATA 1 0, ID 20043
039.316 Recv DATA 1 0, ID 10043
039.317 .... 44 packets received, 2344 bps, 29.30%, Err 1 (1.0e-005)
039.319 Send ACK  1
039.528 Recv ACK  1
039.529 Send DATA 0 1, ID 20044
040.131 Recv DATA 0 1, ID 10044
040.134 Send ACK  0
040.342 Recv ACK  0
040.344 Send DATA 1 0, ID 20045
040.943 Recv DATA 1 0, ID 10045
040.945 Send ACK  1
041.153 Recv ACK  1
041.153 Send DATA 0 1, ID 20046
041.752 Recv DATA 0 1, ID 10046
041.753 .... 47 packets received, 2355 bps, 29.44%, Err 1 (9.6e-006)
041.754 Send ACK  0
041.960 Recv ACK  0
041.962 Send DATA 1 0, ID 20047
042.564 Recv DATA 1 0, ID 10047
042.566 Send ACK  1
042.772 Recv ACK  1
042.773 Send DATA 0 1, ID 20048
043.376 Recv DATA 0 1, ID 10048
043.378 Send ACK  0
043.583 Recv ACK  0
043.585 Send DATA 1 0, ID 20049
044.186 Recv DATA 1 0, ID 10049
044.187 .... 50 packets received, 2364 bps, 29.56%, Err 1 (9.1e-006)
044.189 Send ACK  1
044.994 Recv DATA 0 0, ID 10050
044.995 Send ACK  0
045.817 Recv DATA 1 0, ID 10051
045.819 Send ACK  1
046.090 ---- DATA 1 timeout
046.091 Send DATA 1 1, ID 20049
046.630 Recv DATA 0 0, ID 10052
046.633 .... 53 packets received, 2372 bps, 29.66%, Err 1 (8.6e-006)
046.635 Send ACK  0
046.904 Recv ACK  1
046.904 Send DATA 0 0, ID 20050
047.444 Recv DATA 1 1, ID 10053
047.446 Send ACK  1
047.716 Recv ACK  0
047.717 Send DATA 1 1, ID 20051
048.255 Recv DATA 0 0, ID 10054
048.257 Send ACK  0
048.545 Recv ACK  1
048.546 Send DATA 0 0, ID 20052
049.053 Recv DATA 1 1, ID 10055
049.055 .... 56 packets received, 2381 bps, 29.76%, Err 1 (8.1e-006)
049.057 Send ACK  1
049.361 Recv ACK  0
049.362 Send DATA 1 1, ID 20053
049.874 Recv DATA 0 0, ID 10056
049.876 Send ACK  0
051.862 ---- DATA 1 timeout
051.864 Send DATA 1 0, ID 20053
054.360 ---- DATA 1 timeout
054.361 Send DATA 1 0, ID 20053
056.864 ---- DATA 1 timeout
056.866 Send DATA 1 0, ID 20053
059.112 Recv ACK  1
059.113 Send DATA 0 0, ID 20054
059.148 Recv DATA 1 1, ID 10057
059.150 .... 58 packets received, 2039 bps, 25.48%, Err 1 (7.8e-006)
059.152 Send ACK  1
059.422 Recv ACK  1
059.455 Recv ACK  1
059.947 Recv ACK  1
061.130 Recv ACK  0
061.132 Send DATA 1 1, ID 20055
061.389 Recv DATA 1 0, ID 10057
061.391 Send ACK  1
061.942 Recv DATA 0 0, ID 10058
061.943 .... 59 packets received, 1979 bps, 24.73%, Err 1 (7.6e-006)
061.945 Send ACK  0
063.636 ---- DATA 1 timeout
063.637 Send DATA 1 0, ID 20055
064.208 Recv ACK  1
064.210 Send DATA 0 0, ID 20056
064.453 Recv DATA 1 1, ID 10059
064.454 .... 60 packets received, 1933 bps, 24.16%, Err 1 (7.4e-006)
064.455 Send ACK  1
065.026 Recv ACK  1
066.715 ---- DATA 0 timeout
066.716 Send DATA 0 1, ID 20056
069.217 ---- DATA 0 timeout
069.218 Send DATA 0 1, ID 20056
070.310 Recv ACK  0
070.310 Send DATA 1 1, ID 20057
070.344 Recv DATA 1 0, ID 10059
070.345 Send ACK  1
070.378 Recv DATA 1 0, ID 10059
070.380 Send ACK  1
070.841 Recv DATA 0 0, ID 10060
070.843 .... 61 packets received, 1786 bps, 22.32%, Err 1 (7.1e-006)
070.844 Send ACK  0
070.861 Recv ACK  0
071.128 Recv ACK  0
072.815 ---- DATA 1 timeout
072.817 Send DATA 1 0, ID 20057
073.090 Recv ACK  1
073.090 Send DATA 0 0, ID 20058
073.330 **** Receiver Error, Bad CRC Checksum
073.614 Recv DATA 1 1, ID 10061
077.251 .... 62 packets received, 1746 bps, 21.82%, Err 2 (1.4e-005)
077.253 Send ACK  1
077.255 Recv ACK  1
077.258 ---- DATA 0 timeout
077.260 Send DATA 0 1, ID 20058
077.526 Recv ACK  0
077.527 Send DATA 1 1, ID 20059
077.560 Recv DATA 1 0, ID 10061
077.562 Send ACK  1
078.068 Recv DATA 0 0, ID 10062
078.070 .... 63 packets received, 1672 bps, 20.89%, Err 2 (1.3e-005)
078.072 Send ACK  0
078.344 Recv ACK  0
080.035 ---- DATA 1 timeout
080.036 Send DATA 1 0, ID 20059
080.309 Recv ACK  1
080.309 Send DATA 0 0, ID 20060
080.567 Recv DATA 0 1, ID 10062
080.568 Send ACK  0
080.839 Recv DATA 1 1, ID 10063
080.840 .... 64 packets received, 1639 bps, 20.49%, Err 2 (1.3e-005)
080.843 Send ACK  1
080.876 Recv ACK  1
081.145 Recv ACK  0
081.147 Send DATA 1 1, ID 20061
081.975 Recv DATA 0 0, ID 10064
081.977 Send ACK  0
082.530 Recv ACK  1
082.531 Send DATA 0 0, ID 20062
082.786 Recv DATA 1 1, ID 10065
082.789 Send ACK  1
083.344 Recv ACK  0
083.345 Send DATA 1 1, ID 20063
084.161 Recv DATA 0 0, ID 10066
084.163 .... 67 packets received, 1648 bps, 20.59%, Err 2 (1.2e-005)
084.165 Send ACK  0
