000.000 =============================================================
000.000                     Station A                               
000.000 -------------------------------------------------------------
000.000 Protocol.lib, version 4.0, jiangyanjun0718@bupt.edu.cn
000.000 Channel: 8000 bps, 270 ms propagation delay, bit error rate 1.0E-005
000.000 Log file "stopwait-A.log", TCP port 59144, debug mask 0x03
000.000 Station A is waiting for station B on TCP port 59144 ... Done.
000.592 New epoch: Sat Apr 04 21:30:50 2020
000.593 =================================================================
000.593 
000.593 Designed by Jiang Yanjun, build: Oct 28 2018  16:36:26
000.593 Send DATA 0 1, ID 10000
001.592 Recv DATA 0 1, ID 20000
001.594 Send ACK  0
002.162 Recv ACK  0
002.163 Send DATA 1 0, ID 10001
002.420 **** Receiver Error, Bad CRC Checksum
002.973 Recv ACK  1
002.973 Send DATA 0 0, ID 10002
003.798 Recv ACK  0
003.799 Send DATA 1 0, ID 10003
004.611 Recv ACK  1
004.612 Send DATA 0 0, ID 10004
004.914 Recv DATA 1 1, ID 20001
004.915 .... 2 packets received, 1140 bps, 14.25%, Err 1 (1.5e-004)
004.916 Send ACK  1
005.440 Recv ACK  0
005.441 Send DATA 1 1, ID 10005
005.745 Recv DATA 0 0, ID 20002
005.746 Send ACK  0
006.270 Recv ACK  1
006.271 Send DATA 0 0, ID 10006
006.560 Recv DATA 1 1, ID 20003
006.562 Send ACK  1
007.083 Recv ACK  0
007.084 Send DATA 1 1, ID 10007
007.372 Recv DATA 0 0, ID 20004
007.372 .... 5 packets received, 1692 bps, 21.15%, Err 1 (7.7e-005)
007.374 Send ACK  0
007.892 Recv ACK  1
007.893 Send DATA 0 0, ID 10008
008.178 Recv DATA 1 1, ID 20005
008.180 Send ACK  1
008.706 Recv ACK  0
008.707 Send DATA 1 1, ID 10009
008.995 Recv DATA 0 0, ID 20006
008.996 Send ACK  0
009.517 Recv ACK  1
009.518 Send DATA 0 0, ID 10010
009.802 Recv DATA 1 1, ID 20007
009.804 .... 8 packets received, 1932 bps, 24.15%, Err 1 (5.1e-005)
009.806 Send ACK  1
010.328 Recv ACK  0
010.329 Send DATA 1 1, ID 10011
010.615 Recv DATA 0 0, ID 20008
010.616 Send ACK  0
011.140 Recv ACK  1
011.141 Send DATA 0 0, ID 10012
011.428 Recv DATA 1 1, ID 20009
011.431 Send ACK  1
011.953 Recv ACK  0
011.955 Send DATA 1 1, ID 10013
012.238 Recv DATA 0 0, ID 20010
012.240 .... 11 packets received, 2064 bps, 25.79%, Err 1 (3.8e-005)
012.242 Send ACK  0
012.765 Recv ACK  1
012.766 Send DATA 0 0, ID 10014
013.052 Recv DATA 1 1, ID 20011
013.054 Send ACK  1
013.576 Recv ACK  0
013.577 Send DATA 1 1, ID 10015
013.864 Recv DATA 0 0, ID 20012
013.866 Send ACK  0
014.390 Recv ACK  1
014.390 Send DATA 0 0, ID 10016
014.674 Recv DATA 1 1, ID 20013
014.676 .... 14 packets received, 2147 bps, 26.84%, Err 1 (3.1e-005)
014.677 Send ACK  1
015.200 Recv ACK  0
015.201 Send DATA 1 1, ID 10017
015.490 Recv DATA 0 0, ID 20014
015.491 Send ACK  0
016.014 Recv ACK  1
016.015 Send DATA 0 0, ID 10018
016.318 Recv DATA 1 1, ID 20015
016.320 Send ACK  1
016.828 Recv ACK  0
016.829 Send DATA 1 1, ID 10019
017.147 Recv DATA 0 0, ID 20016
017.149 .... 17 packets received, 2200 bps, 27.50%, Err 1 (2.6e-005)
017.151 Send ACK  0
017.641 Recv ACK  1
017.642 Send DATA 0 0, ID 10020
017.960 Recv DATA 1 1, ID 20017
017.961 Send ACK  1
018.451 Recv ACK  0
018.452 Send DATA 1 1, ID 10021
018.770 Recv DATA 0 0, ID 20018
018.772 Send ACK  0
019.263 Recv ACK  1
019.264 Send DATA 0 0, ID 10022
019.579 Recv DATA 1 1, ID 20019
019.580 .... 20 packets received, 2243 bps, 28.04%, Err 1 (2.2e-005)
019.582 Send ACK  1
020.066 Recv ACK  0
020.067 Send DATA 1 1, ID 10023
020.403 Recv DATA 0 0, ID 20020
020.404 Send ACK  0
020.877 Recv ACK  1
020.878 Send DATA 0 0, ID 10024
021.209 Recv DATA 1 1, ID 20021
021.211 Send ACK  1
021.687 Recv ACK  0
021.689 Send DATA 1 1, ID 10025
022.019 Recv DATA 0 0, ID 20022
022.019 .... 23 packets received, 2276 bps, 28.45%, Err 1 (1.9e-005)
022.022 Send ACK  0
022.498 Recv ACK  1
022.499 Send DATA 0 0, ID 10026
022.832 Recv DATA 1 1, ID 20023
022.834 Send ACK  1
023.306 Recv ACK  0
023.307 Send DATA 1 1, ID 10027
023.642 Recv DATA 0 0, ID 20024
023.644 Send ACK  0
024.115 Recv ACK  1
024.115 Send DATA 0 0, ID 10028
024.469 Recv DATA 1 1, ID 20025
024.470 .... 26 packets received, 2300 bps, 28.75%, Err 1 (1.7e-005)
024.471 Send ACK  1
024.912 Recv ACK  0
024.913 Send DATA 1 1, ID 10029
025.293 Recv DATA 0 0, ID 20026
025.295 Send ACK  0
025.721 Recv ACK  1
025.721 Send DATA 0 0, ID 10030
026.121 Recv DATA 1 1, ID 20027
026.122 Send ACK  1
026.532 Recv ACK  0
026.533 Send DATA 1 1, ID 10031
026.934 Recv DATA 0 0, ID 20028
026.936 .... 29 packets received, 2319 bps, 28.99%, Err 1 (1.5e-005)
026.937 Send ACK  0
027.347 Recv ACK  1
027.348 Send DATA 0 0, ID 10032
027.760 Recv DATA 1 1, ID 20029
027.761 Send ACK  1
028.158 Recv ACK  0
028.159 Send DATA 1 1, ID 10033
028.573 Recv DATA 0 0, ID 20030
028.574 Send ACK  0
028.968 Recv ACK  1
028.969 Send DATA 0 0, ID 10034
029.380 Recv DATA 1 1, ID 20031
029.382 .... 32 packets received, 2336 bps, 29.20%, Err 1 (1.4e-005)
029.385 Send ACK  1
029.780 Recv ACK  0
029.782 Send DATA 1 1, ID 10035
030.215 Recv DATA 0 0, ID 20032
030.216 Send ACK  0
030.595 Recv ACK  1
030.595 Send DATA 0 0, ID 10036
031.024 Recv DATA 1 1, ID 20033
031.025 Send ACK  1
031.422 Recv ACK  0
031.423 Send DATA 1 1, ID 10037
031.838 Recv DATA 0 0, ID 20034
031.839 .... 35 packets received, 2349 bps, 29.36%, Err 1 (1.3e-005)
031.841 Send ACK  0
032.648 Recv DATA 1 0, ID 20035
032.649 Send ACK  1
033.469 Recv DATA 0 0, ID 20036
033.471 Send ACK  0
033.928 ---- DATA 1 timeout
033.929 Send DATA 1 0, ID 10037
034.295 Recv DATA 1 0, ID 20037
034.297 .... 38 packets received, 2360 bps, 29.50%, Err 1 (1.2e-005)
034.298 Send ACK  1
034.744 Recv ACK  1
034.745 Send DATA 0 1, ID 10038
035.109 Recv DATA 0 1, ID 20038
035.111 Send ACK  0
035.552 Recv ACK  0
035.554 Send DATA 1 0, ID 10039
035.935 Recv DATA 1 0, ID 20039
035.936 Send ACK  1
036.364 Recv ACK  1
036.366 Send DATA 0 1, ID 10040
036.764 Recv DATA 0 1, ID 20040
036.766 .... 41 packets received, 2369 bps, 29.61%, Err 1 (1.1e-005)
036.767 Send ACK  0
037.163 Recv ACK  0
037.164 Send DATA 1 0, ID 10041
037.594 Recv DATA 1 0, ID 20041
037.595 Send ACK  1
037.974 Recv ACK  1
037.977 Send DATA 0 1, ID 10042
038.424 Recv DATA 0 1, ID 20042
038.426 Send ACK  0
038.790 Recv ACK  0
038.791 Send DATA 1 0, ID 10043
039.248 Recv DATA 1 0, ID 20043
039.250 .... 44 packets received, 2376 bps, 29.70%, Err 1 (1.0e-005)
039.251 Send ACK  1
039.599 Recv ACK  1
039.602 Send DATA 0 1, ID 10044
040.062 Recv DATA 0 1, ID 20044
040.064 Send ACK  0
040.412 Recv ACK  0
040.413 Send DATA 1 0, ID 10045
040.874 Recv DATA 1 0, ID 20045
040.875 Send ACK  1
041.220 Recv ACK  1
041.221 Send DATA 0 1, ID 10046
041.683 Recv DATA 0 1, ID 20046
041.685 .... 47 packets received, 2385 bps, 29.81%, Err 1 (9.6e-006)
041.686 Send ACK  0
042.033 Recv ACK  0
042.034 Send DATA 1 0, ID 10047
042.490 Recv DATA 1 0, ID 20047
042.492 Send ACK  1
042.842 Recv ACK  1
042.843 Send DATA 0 1, ID 10048
043.300 Recv DATA 0 1, ID 20048
043.301 Send ACK  0
043.649 Recv ACK  0
043.649 Send DATA 1 0, ID 10049
044.123 **** Receiver Error, Bad CRC Checksum
044.470 Recv ACK  1
044.471 Send DATA 0 0, ID 10050
045.280 Recv ACK  0
045.282 Send DATA 1 0, ID 10051
046.098 Recv ACK  1
046.099 Send DATA 0 0, ID 10052
046.624 Recv DATA 1 1, ID 20049
046.625 .... 50 packets received, 2260 bps, 28.25%, Err 2 (1.8e-005)
046.627 Send ACK  1
046.909 Recv ACK  0
046.909 Send DATA 1 1, ID 10053
047.435 Recv DATA 0 0, ID 20050
047.436 Send ACK  0
047.719 Recv ACK  1
047.719 Send DATA 0 0, ID 10054
048.255 Recv DATA 1 1, ID 20051
048.257 Send ACK  1
048.530 Recv ACK  0
048.531 Send DATA 1 1, ID 10055
049.084 Recv DATA 0 0, ID 20052
049.086 .... 53 packets received, 2273 bps, 28.41%, Err 2 (1.7e-005)
049.088 Send ACK  0
049.329 Recv ACK  1
049.330 Send DATA 0 0, ID 10056
049.898 Recv DATA 1 1, ID 20053
058.830 Send ACK  1
058.832 Recv ACK  0
058.833 Send DATA 1 1, ID 10057
059.129 Recv DATA 1 0, ID 20053
059.132 Send ACK  1
059.133 Recv DATA 1 0, ID 20053
059.134 Send ACK  1
059.167 Recv DATA 1 0, ID 20053
059.168 Send ACK  1
059.657 Recv DATA 0 0, ID 20054
059.658 .... 55 packets received, 1931 bps, 24.14%, Err 2 (1.5e-005)
059.659 Send ACK  0
060.846 ---- DATA 1 timeout
060.847 Send DATA 1 0, ID 10057
061.415 Recv ACK  1
061.415 Send DATA 0 0, ID 10058
061.671 Recv DATA 1 1, ID 20055
061.672 .... 56 packets received, 1900 bps, 23.75%, Err 2 (1.5e-005)
061.674 Send ACK  1
062.222 Recv ACK  1
063.923 Recv ACK  0
063.924 Send DATA 1 1, ID 10059
064.180 Recv DATA 1 0, ID 20055
064.181 Send ACK  1
064.750 Recv DATA 0 0, ID 20056
064.751 .... 57 packets received, 1840 bps, 23.01%, Err 2 (1.5e-005)
064.753 Send ACK  0
066.433 ---- DATA 1 timeout
070.034 Send DATA 1 0, ID 10059
070.036 ---- DATA 1 timeout
070.037 Send DATA 1 0, ID 10059
070.302 Recv ACK  1
070.303 Send DATA 0 0, ID 10060
070.338 Recv DATA 0 1, ID 20056
070.340 Send ACK  0
070.356 Recv DATA 0 1, ID 20056
070.357 Send ACK  0
070.846 Recv DATA 1 1, ID 20057
070.846 .... 58 packets received, 1709 bps, 21.36%, Err 2 (1.4e-005)
070.848 Send ACK  1
070.865 Recv ACK  1
071.114 Recv ACK  1
072.800 ---- DATA 0 timeout
072.802 Send DATA 0 1, ID 10060
073.087 Recv ACK  0
073.088 Send DATA 1 1, ID 10061
073.362 Recv DATA 1 0, ID 20057
073.363 Send ACK  1
073.633 Recv DATA 0 0, ID 20058
073.634 .... 59 packets received, 1671 bps, 20.89%, Err 2 (1.4e-005)
073.636 Send ACK  0
075.582 ---- DATA 1 timeout
075.583 Send DATA 1 0, ID 10061
077.528 Recv ACK  1
077.528 Send DATA 0 0, ID 10062
077.578 Recv DATA 0 1, ID 20058
077.580 Send ACK  0
078.057 Recv DATA 1 1, ID 20059
078.058 .... 60 packets received, 1601 bps, 20.02%, Err 2 (1.3e-005)
078.060 Send ACK  1
078.345 Recv ACK  1
080.035 ---- DATA 0 timeout
080.037 Send DATA 0 1, ID 10062
080.309 Recv ACK  0
080.309 Send DATA 1 1, ID 10063
080.582 Recv DATA 1 0, ID 20059
080.584 Send ACK  1
080.857 Recv DATA 0 0, ID 20060
080.859 .... 61 packets received, 1571 bps, 19.63%, Err 2 (1.3e-005)
080.861 Send ACK  0
081.130 Recv ACK  0
081.434 Recv ACK  1
081.434 Send DATA 0 0, ID 10064
081.691 Recv DATA 1 1, ID 20061
081.693 Send ACK  1
082.247 Recv ACK  0
082.247 Send DATA 1 1, ID 10065
083.070 Recv DATA 0 0, ID 20062
083.071 .... 63 packets received, 1578 bps, 19.73%, Err 2 (1.2e-005)
083.073 Send ACK  0
083.627 Recv ACK  1
083.628 Send DATA 0 0, ID 10066
083.881 Recv DATA 1 1, ID 20063
083.882 Send ACK  1
084.420 TCP disconnected.
